
==========
== CUDA ==
==========

NVIDIA Release  (build )
CUDA Version 13.0.2.006
Container image Copyright (c) 2025, NVIDIA CORPORATION & AFFILIATES. All rights reserved.

Various files include modifications (c) NVIDIA CORPORATION & AFFILIATES.  All rights reserved.

GOVERNING TERMS: The software and materials are governed by the NVIDIA Software License Agreement
(found at https://www.nvidia.com/en-us/agreements/enterprise-software/nvidia-software-license-agreement/)
and the Product-Specific Terms for NVIDIA AI Products
(found at https://www.nvidia.com/en-us/agreements/enterprise-software/product-specific-terms-for-ai-products/).

NOTE: CUDA Forward Compatibility mode ENABLED.
  Using CUDA 13.0 driver version 580.95.05 with kernel driver version 570.124.06.
  See https://docs.nvidia.com/deploy/cuda-compatibility/ for details.

Connecting to ETCD at http://localhost:2379
ETCD Runtime: Registered as rank 0 item 1 of 1
OBJ backend with standard S3 enabled
Waiting for all processes to start... (expecting 1 total: 1 initiators and 1 targets)
All processes are ready to proceed
Creating obj: nixlbench_obj0_0_1774452776093846
****************************************************************************************************************************************************************
NIXLBench Configuration
****************************************************************************************************************************************************************
Runtime (--runtime_type=[etcd])                             : ETCD
ETCD Endpoint                                               : http://localhost:2379
Worker type (--worker_type=[nixl,nvshmem])                  : nixl
Backend (--backend=[UCX,GDS,GDS_MT,POSIX,Mooncake,HF3FS,OBJ,AZURE_BLOB]): OBJ
Enable pt (--enable_pt=[0,1])                               : 0
Progress threads (--progress_threads=N)                     : 0
Device list (--device_list=dev1,dev2,...)                   : all
Enable VMM (--enable_vmm=[0,1])                             : 0
Recreate xfer each iteration (--recreate_xfer=[0,1])        : 0
OBJ S3 access key (--obj_access_key=key)                    : 0555b35654ad1656d804
OBJ S3 secret key (--obj_secret_key=key)                    : h7GhxuBLTrlhVUyxSPUKUV8r/2EI4ngqJxD7iBdBYLhwluN30JaT3Q==
OBJ S3 session token (--obj_session_token=token)            : 
OBJ S3 bucket name (--obj_bucket_name=nixlbench-bucket)     : lmcache
OBJ S3 scheme (--obj_scheme=[http, https])                  : http
OBJ S3 region (--obj_region=region)                         : us-east-1
OBJ S3 use virtual addressing (--obj_use_virtual_addressing=[0,1]): 0
OBJ S3 endpoint override (--obj_endpoint_override=endpoint) : http://10.93.244.74:8000
OBJ S3 required checksum (--obj_req_checksum=[supported, required]): supported
OBJ S3 CA bundle (--obj_ca_bundle=cert-path)                : 
OBJ S3 CRT min limit (--obj_crt_min_limit=N bytes)          : 0 (CRT disabled)
OBJ S3 Accelerated enable (--obj_accelerated_enable=[true|false]): false (Accelerated disabled)
OBJ S3 Accelerated type (--obj_accelerated_type=type)       : (default)
filepath (--filepath=path)                                  : 
filenames (--filenames=filename1,filename2,...)             : 
Number of files (--num_files=N)                             : 1
Storage enable direct (--storage_enable_direct=[0,1])       : 0
Initiator seg type (--initiator_seg_type=[DRAM,VRAM])       : DRAM
Target seg type (--target_seg_type=[DRAM,VRAM])             : DRAM
Scheme (--scheme=[pairwise,manytoone,onetomany,tp])         : pairwise
Mode (--mode=[SG,MG])                                       : SG
Op type (--op_type=[READ,WRITE])                            : WRITE
Check consistency (--check_consistency=[0,1])               : 0
Total buffer size (--total_buffer_size=N)                   : 8589934592
Num initiator dev (--num_initiator_dev=N)                   : 1
Num target dev (--num_target_dev=N)                         : 1
Start block size (--start_block_size=N)                     : 4096
Max block size (--max_block_size=N)                         : 67108864
Start batch size (--start_batch_size=N)                     : 1
Max batch size (--max_batch_size=N)                         : 1
Num iter (--num_iter=N)                                     : 8192
Warmup iter (--warmup_iter=N)                               : 1024
Large block iter factor (--large_blk_iter_ftr=N)            : 32
Num threads (--num_threads=N)                               : 1
----------------------------------------------------------------------------------------------------------------------------------------------------------------

Block Size (B)      Batch Size     B/W (GB/Sec)   Avg Lat. (us)  Avg Prep (us)  P99 Prep (us)  Avg Post (us)  P99 Post (us)  Avg Tx (us)    P99 Tx (us)    
----------------------------------------------------------------------------------------------------------------------------------------------------------------
4096                1              0.000429       9539.5         59.0           59.0           13.9           29.0           9525.5         12775.0        
8192                1              0.000551       14880.7        61.0           61.0           13.4           28.0           14867.2        17630.0        
16384               1              0.000849       19302.0        61.0           61.0           14.0           28.0           19288.0        21859.0        
32768               1              0.001238       26474.7        67.0           67.0           15.1           29.0           26459.6        31516.0        
65536               1              0.001952       33581.6        71.0           71.0           14.2           31.0           33567.4        36375.0        
131072              1              0.003340       39241.1        69.0           69.0           15.2           30.0           39225.9        42226.0        
262144              1              0.005746       45623.0        95.0           95.0           16.6           32.0           45606.5        48477.0        
524288              1              0.009881       53058.1        113.0          113.0          16.8           37.0           53041.2        56081.0        
1048576             1              0.016728       62685.6        62.0           62.0           15.8           35.0           62669.8        66359.0        
2097152             1              0.028725       73007.1        24.0           24.0           18.6           64.0           72988.3        75607.0        
4194304             1              0.045792       91595.5        60.0           60.0           22.6           58.0           91572.5        97313.0        
8388608             1              0.065000       129055.2       25.0           25.0           19.8           48.0           129035.1       138288.0       
16777216            1              0.082381       203654.9       70.0           70.0           22.0           68.0           203632.2       224570.0       
33554432            1              0.104378       321470.2       82.0           82.0           25.9           65.0           321443.7       359990.0       
67108864            1              0.119437       561878.0       57.0           57.0           29.5           67.0           561848.0       630734.0       
Removing S3 object: nixlbench_obj0_0_1774452776093846 from bucket: lmcache
delete: s3://lmcache/nixlbench_obj0_0_1774452776093846
