
==========
== CUDA ==
==========

NVIDIA Release  (build )
CUDA Version 13.0.2.006
Container image Copyright (c) 2025, NVIDIA CORPORATION & AFFILIATES. All rights reserved.

Various files include modifications (c) NVIDIA CORPORATION & AFFILIATES.  All rights reserved.

GOVERNING TERMS: The software and materials are governed by the NVIDIA Software License Agreement
(found at https://www.nvidia.com/en-us/agreements/enterprise-software/nvidia-software-license-agreement/)
and the Product-Specific Terms for NVIDIA AI Products
(found at https://www.nvidia.com/en-us/agreements/enterprise-software/product-specific-terms-for-ai-products/).

NOTE: CUDA Forward Compatibility mode ENABLED.
  Using CUDA 13.0 driver version 580.95.05 with kernel driver version 570.124.06.
  See https://docs.nvidia.com/deploy/cuda-compatibility/ for details.

Connecting to ETCD at http://localhost:2379
ETCD Runtime: Registered as rank 0 item 1 of 1
OBJ backend with standard S3 enabled
Waiting for all processes to start... (expecting 1 total: 1 initiators and 1 targets)
All processes are ready to proceed
Creating obj: nixlbench_obj0_0_1774456658457767
****************************************************************************************************************************************************************
NIXLBench Configuration
****************************************************************************************************************************************************************
Runtime (--runtime_type=[etcd])                             : ETCD
ETCD Endpoint                                               : http://localhost:2379
Worker type (--worker_type=[nixl,nvshmem])                  : nixl
Backend (--backend=[UCX,GDS,GDS_MT,POSIX,Mooncake,HF3FS,OBJ,AZURE_BLOB]): OBJ
Enable pt (--enable_pt=[0,1])                               : 0
Progress threads (--progress_threads=N)                     : 0
Device list (--device_list=dev1,dev2,...)                   : all
Enable VMM (--enable_vmm=[0,1])                             : 0
Recreate xfer each iteration (--recreate_xfer=[0,1])        : 0
OBJ S3 access key (--obj_access_key=key)                    : 0555b35654ad1656d804
OBJ S3 secret key (--obj_secret_key=key)                    : h7GhxuBLTrlhVUyxSPUKUV8r/2EI4ngqJxD7iBdBYLhwluN30JaT3Q==
OBJ S3 session token (--obj_session_token=token)            : 
OBJ S3 bucket name (--obj_bucket_name=nixlbench-bucket)     : lmcache
OBJ S3 scheme (--obj_scheme=[http, https])                  : http
OBJ S3 region (--obj_region=region)                         : us-east-1
OBJ S3 use virtual addressing (--obj_use_virtual_addressing=[0,1]): 0
OBJ S3 endpoint override (--obj_endpoint_override=endpoint) : http://10.93.244.74:8000
OBJ S3 required checksum (--obj_req_checksum=[supported, required]): supported
OBJ S3 CA bundle (--obj_ca_bundle=cert-path)                : 
OBJ S3 CRT min limit (--obj_crt_min_limit=N bytes)          : 0 (CRT disabled)
OBJ S3 Accelerated enable (--obj_accelerated_enable=[true|false]): false (Accelerated disabled)
OBJ S3 Accelerated type (--obj_accelerated_type=type)       : (default)
filepath (--filepath=path)                                  : 
filenames (--filenames=filename1,filename2,...)             : 
Number of files (--num_files=N)                             : 1
Storage enable direct (--storage_enable_direct=[0,1])       : 0
Initiator seg type (--initiator_seg_type=[DRAM,VRAM])       : DRAM
Target seg type (--target_seg_type=[DRAM,VRAM])             : DRAM
Scheme (--scheme=[pairwise,manytoone,onetomany,tp])         : pairwise
Mode (--mode=[SG,MG])                                       : SG
Op type (--op_type=[READ,WRITE])                            : WRITE
Check consistency (--check_consistency=[0,1])               : 0
Total buffer size (--total_buffer_size=N)                   : 8589934592
Num initiator dev (--num_initiator_dev=N)                   : 1
Num target dev (--num_target_dev=N)                         : 1
Start block size (--start_block_size=N)                     : 4096
Max block size (--max_block_size=N)                         : 67108864
Start batch size (--start_batch_size=N)                     : 1
Max batch size (--max_batch_size=N)                         : 1
Num iter (--num_iter=N)                                     : 8192
Warmup iter (--warmup_iter=N)                               : 1024
Large block iter factor (--large_blk_iter_ftr=N)            : 32
Num threads (--num_threads=N)                               : 1
----------------------------------------------------------------------------------------------------------------------------------------------------------------

Block Size (B)      Batch Size     B/W (GB/Sec)   Avg Lat. (us)  Avg Prep (us)  P99 Prep (us)  Avg Post (us)  P99 Post (us)  Avg Tx (us)    P99 Tx (us)    
----------------------------------------------------------------------------------------------------------------------------------------------------------------
4096                1              0.000674       6075.8         70.0           70.0           15.5           39.0           6060.3         8871.0         
8192                1              0.000759       10795.6        74.0           74.0           15.6           39.0           10780.0        13188.0        
16384               1              0.001057       15500.2        40.0           40.0           18.5           39.0           15481.7        17495.0        
32768               1              0.001478       22165.3        67.0           67.0           18.4           40.0           22146.8        27121.0        
65536               1              0.002215       29589.9        94.0           94.0           17.7           38.0           29572.1        32434.0        
131072              1              0.003719       35244.5        69.0           69.0           18.3           40.0           35226.1        38238.0        
262144              1              0.006277       41765.0        64.0           64.0           19.1           40.0           41745.9        44957.0        
524288              1              0.010806       48517.3        61.0           61.0           18.6           39.0           48498.7        50725.0        
1048576             1              0.018505       56663.2        104.0          104.0          20.1           41.0           56643.1        59978.0        
2097152             1              0.031768       66013.8        64.0           64.0           22.3           52.0           65991.1        67815.0        
4194304             1              0.051902       80811.3        38.0           38.0           22.2           64.0           80788.7        83024.0        
8388608             1              0.075777       110701.5       50.0           50.0           21.9           41.0           110679.2       191159.0       
16777216            1              0.099282       168984.7       66.0           66.0           23.8           71.0           168960.5       244429.0       
33554432            1              0.123930       270752.4       78.0           78.0           24.1           53.0           270727.8       301112.0       
67108864            1              0.145886       460009.4       80.0           80.0           35.5           89.0           459973.4       497705.0       
Removing S3 object: nixlbench_obj0_0_1774456658457767 from bucket: lmcache
delete: s3://lmcache/nixlbench_obj0_0_1774456658457767
